<?xml version="1.0" encoding="UTF-8"?>
<testng-results ignored="0" total="2" passed="2" failed="0" skipped="0">
  <reporter-output>
  </reporter-output>
  <suite started-at="2022-07-06T15:37:03 IST" name="Default suite" finished-at="2022-07-06T15:37:05 IST" duration-ms="1706">
    <groups>
    </groups>
    <test started-at="2022-07-06T15:37:03 IST" name="Default test" finished-at="2022-07-06T15:37:05 IST" duration-ms="1706">
      <class name="VerifyPlayer.VerifyRcbTeam">
        <test-method is-config="true" signature="UploadTeamSheet()[pri:0, instance:VerifyPlayer.VerifyRcbTeam@50a638b5]" started-at="2022-07-06T15:37:03 IST" name="UploadTeamSheet" finished-at="2022-07-06T15:37:03 IST" duration-ms="9" status="PASS">
          <reporter-output>
          </reporter-output>
        </test-method> <!-- UploadTeamSheet -->
        <test-method signature="verifyForeignPlayers()[pri:0, instance:VerifyPlayer.VerifyRcbTeam@50a638b5]" started-at="2022-07-06T15:37:03 IST" name="verifyForeignPlayers" finished-at="2022-07-06T15:37:05 IST" duration-ms="1606" status="PASS">
          <reporter-output>
          </reporter-output>
        </test-method> <!-- verifyForeignPlayers -->
        <test-method signature="verifyWicketKeeper()[pri:0, instance:VerifyPlayer.VerifyRcbTeam@50a638b5]" started-at="2022-07-06T15:37:05 IST" name="verifyWicketKeeper" finished-at="2022-07-06T15:37:05 IST" duration-ms="42" status="PASS">
          <reporter-output>
          </reporter-output>
        </test-method> <!-- verifyWicketKeeper -->
      </class> <!-- VerifyPlayer.VerifyRcbTeam -->
    </test> <!-- Default test -->
  </suite> <!-- Default suite -->
</testng-results>
